c:\personal\interviewkit\handson-c++\algorithms\smallprograms\array-related\maximumslidingwindow\maximumslidingwindow\debug\maximumslidingwindow.pch
c:\personal\interviewkit\handson-c++\algorithms\smallprograms\array-related\maximumslidingwindow\maximumslidingwindow\debug\vc140.pdb
c:\personal\interviewkit\handson-c++\algorithms\smallprograms\array-related\maximumslidingwindow\maximumslidingwindow\debug\vc140.idb
c:\personal\interviewkit\handson-c++\algorithms\smallprograms\array-related\maximumslidingwindow\maximumslidingwindow\debug\stdafx.obj
c:\personal\interviewkit\handson-c++\algorithms\smallprograms\array-related\maximumslidingwindow\maximumslidingwindow\debug\maximumslidingwindow.obj
c:\personal\interviewkit\handson-c++\algorithms\smallprograms\array-related\maximumslidingwindow\debug\maximumslidingwindow.ilk
c:\personal\interviewkit\handson-c++\algorithms\smallprograms\array-related\maximumslidingwindow\debug\maximumslidingwindow.exe
c:\personal\interviewkit\handson-c++\algorithms\smallprograms\array-related\maximumslidingwindow\debug\maximumslidingwindow.pdb
f:\learnings\from-maersk\interviewkit\handson-c++\algorithms\smallprograms\array-related\maximumslidingwindow\maximumslidingwindow\debug\maximumslidingwindow.obj
f:\learnings\from-maersk\interviewkit\handson-c++\algorithms\smallprograms\array-related\maximumslidingwindow\maximumslidingwindow\debug\stdafx.obj
f:\learnings\from-maersk\interviewkit\handson-c++\algorithms\smallprograms\array-related\maximumslidingwindow\maximumslidingwindow\debug\maximumslidingwindow.pch
f:\learnings\from-maersk\interviewkit\handson-c++\algorithms\smallprograms\array-related\maximumslidingwindow\maximumslidingwindow\debug\vc140.idb
f:\learnings\from-maersk\interviewkit\handson-c++\algorithms\smallprograms\array-related\maximumslidingwindow\maximumslidingwindow\debug\vc140.pdb
f:\learnings\from-maersk\interviewkit\handson-c++\algorithms\smallprograms\array-related\maximumslidingwindow\debug\maximumslidingwindow.pdb
f:\learnings\from-maersk\interviewkit\handson-c++\algorithms\smallprograms\array-related\maximumslidingwindow\debug\maximumslidingwindow.exe
f:\learnings\from-maersk\interviewkit\handson-c++\algorithms\smallprograms\array-related\maximumslidingwindow\debug\maximumslidingwindow.ilk
f:\learnings\from-maersk\interviewkit\handson-c++\algorithms\smallprograms\array-related\maximumslidingwindow\maximumslidingwindow\debug\maximums.776dcee6.tlog\cl.command.1.tlog
f:\learnings\from-maersk\interviewkit\handson-c++\algorithms\smallprograms\array-related\maximumslidingwindow\maximumslidingwindow\debug\maximums.776dcee6.tlog\cl.read.1.tlog
f:\learnings\from-maersk\interviewkit\handson-c++\algorithms\smallprograms\array-related\maximumslidingwindow\maximumslidingwindow\debug\maximums.776dcee6.tlog\cl.write.1.tlog
f:\learnings\from-maersk\interviewkit\handson-c++\algorithms\smallprograms\array-related\maximumslidingwindow\maximumslidingwindow\debug\maximums.776dcee6.tlog\link.command.1.tlog
f:\learnings\from-maersk\interviewkit\handson-c++\algorithms\smallprograms\array-related\maximumslidingwindow\maximumslidingwindow\debug\maximums.776dcee6.tlog\link.read.1.tlog
f:\learnings\from-maersk\interviewkit\handson-c++\algorithms\smallprograms\array-related\maximumslidingwindow\maximumslidingwindow\debug\maximums.776dcee6.tlog\link.write.1.tlog
